[handleMsg]:  {
  key: {
    remoteJid: '51938649457@s.whatsapp.net',
    fromMe: false,
    id: 'C58D77A0D0CE292B75C1A957BC391B5D',
    participant: undefined
  },
  messageTimestamp: 1677875556,
  pushName: 'Lorenzo',
  message: Message {
    conversation: 'Hola',
    messageContextInfo: MessageContextInfo {
      deviceListMetadata: [DeviceListMetadata],
      deviceListMetadataVersion: 2
    }
  },
  body: 'Hola',
  from: '51938649457'
}
[handleMsg]:  {
  key: {
    remoteJid: '51938649457@s.whatsapp.net',
    fromMe: false,
    id: '898883129BCF16B8277601F3D35CDCC0',
    participant: undefined
  },
  messageTimestamp: 1677875560,
  pushName: 'Lorenzo',
  message: Message {
    conversation: 'Lorenzo',
    messageContextInfo: MessageContextInfo {
      deviceListMetadata: [DeviceListMetadata],
      deviceListMetadataVersion: 2
    }
  },
  body: 'Lorenzo',
  from: '51938649457'
}
